<?xml version="1.0" encoding="UTF-8"?>
<!-- Generated by org.testng.reporters.JUnitReportReporter -->
<testsuite skipped="0" hostname="ASIF" name="com.flete.testcases.TC002" tests="1" failures="0" timestamp="2021-04-02T16:14:33 IST" time="65.294" errors="0">
  <testcase name="tc002" time="65.294" classname="com.flete.testcases.TC002"/>
  <system-out/>
</testsuite> <!-- com.flete.testcases.TC002 -->
