<?xml version="1.0" encoding="UTF-8"?>
<!-- Generated by org.testng.reporters.JUnitReportReporter -->
<testsuite skipped="0" hostname="ASIF" name="com.flete.testcases.TC001" tests="1" failures="0" timestamp="2021-04-02T16:14:33 IST" time="23.611" errors="0">
  <testcase name="tc001" time="23.611" classname="com.flete.testcases.TC001"/>
  <system-out/>
</testsuite> <!-- com.flete.testcases.TC001 -->
